# JRE version: OpenJDK Runtime Environment (11.0.15) (build 11.0.15+0-b2043.56-9505619)
# Java VM: OpenJDK 64-Bit Server VM (11.0.15+0-b2043.56-9505619, mixed mode, tiered, compressed oops, g1 gc, windows-amd64)
Heap:
 garbage-first heap   total 233472K, used 145261K [0x0000000080000000, 0x0000000100000000)
  region size 1024K, 62 young (63488K), 8 survivors (8192K)
 Metaspace       used 101559K, capacity 104487K, committed 104656K, reserved 1140736K
  class space    used 13181K, capacity 14341K, committed 14412K, reserved 1048576K
GC Heap History (20 events):
Event: 9.235 GC heap before
{Heap before GC invocations=21 (full 0):
 garbage-first heap   total 155648K, used 84095K [0x0000000080000000, 0x0000000100000000)
  region size 1024K, 32 young (32768K), 3 survivors (3072K)
 Metaspace       used 71830K, capacity 73553K, committed 73808K, reserved 1114112K
  class space    used 9154K, capacity 9844K, committed 9932K, reserved 1048576K
}
Event: 9.238 GC heap after
{Heap after GC invocations=22 (full 0):
 garbage-first heap   total 155648K, used 56126K [0x0000000080000000, 0x0000000100000000)
  region size 1024K, 4 young (4096K), 4 survivors (4096K)
 Metaspace       used 71830K, capacity 73553K, committed 73808K, reserved 1114112K
  class space    used 9154K, capacity 9844K, committed 9932K, reserved 1048576K
}
Event: 9.689 GC heap before
{Heap before GC invocations=22 (full 0):
 garbage-first heap   total 155648K, used 97086K [0x0000000080000000, 0x0000000100000000)
  region size 1024K, 44 young (45056K), 4 survivors (4096K)
 Metaspace       used 76541K, capacity 78391K, committed 78544K, reserved 1118208K
  class space    used 9958K, capacity 10697K, committed 10828K, reserved 1048576K
}
Event: 9.694 GC heap after
{Heap after GC invocations=23 (full 0):
 garbage-first heap   total 155648K, used 58587K [0x0000000080000000, 0x0000000100000000)
  region size 1024K, 6 young (6144K), 6 survivors (6144K)
 Metaspace       used 76541K, capacity 78391K, committed 78544K, reserved 1118208K
  class space    used 9958K, capacity 10697K, committed 10828K, reserved 1048576K
}
Event: 10.314 GC heap before
{Heap before GC invocations=23 (full 0):
 garbage-first heap   total 155648K, used 110811K [0x0000000080000000, 0x0000000100000000)
  region size 1024K, 57 young (58368K), 6 survivors (6144K)
 Metaspace       used 81150K, capacity 83112K, committed 83280K, reserved 1122304K
  class space    used 10662K, capacity 11419K, committed 11468K, reserved 1048576K
}
Event: 10.320 GC heap after
{Heap after GC invocations=24 (full 0):
 garbage-first heap   total 155648K, used 61662K [0x0000000080000000, 0x0000000100000000)
  region size 1024K, 6 young (6144K), 6 survivors (6144K)
 Metaspace       used 81150K, capacity 83112K, committed 83280K, reserved 1122304K
  class space    used 10662K, capacity 11419K, committed 11468K, reserved 1048576K
}
Event: 10.920 GC heap before
{Heap before GC invocations=24 (full 0):
 garbage-first heap   total 155648K, used 114910K [0x0000000080000000, 0x0000000100000000)
  region size 1024K, 58 young (59392K), 6 survivors (6144K)
 Metaspace       used 85259K, capacity 87414K, committed 87632K, reserved 1124352K
  class space    used 11147K, capacity 11944K, committed 11980K, reserved 1048576K
}
Event: 10.928 GC heap after
{Heap after GC invocations=25 (full 0):
 garbage-first heap   total 187392K, used 66158K [0x0000000080000000, 0x0000000100000000)
  region size 1024K, 8 young (8192K), 8 survivors (8192K)
 Metaspace       used 85259K, capacity 87414K, committed 87632K, reserved 1124352K
  class space    used 11147K, capacity 11944K, committed 11980K, reserved 1048576K
}
Event: 11.385 GC heap before
{Heap before GC invocations=25 (full 0):
 garbage-first heap   total 187392K, used 134766K [0x0000000080000000, 0x0000000100000000)
  region size 1024K, 76 young (77824K), 8 survivors (8192K)
 Metaspace       used 86991K, capacity 89225K, committed 89296K, reserved 1126400K
  class space    used 11473K, capacity 12314K, committed 12364K, reserved 1048576K
}
Event: 11.395 GC heap after
{Heap after GC invocations=26 (full 0):
 garbage-first heap   total 187392K, used 73818K [0x0000000080000000, 0x0000000100000000)
  region size 1024K, 10 young (10240K), 10 survivors (10240K)
 Metaspace       used 86991K, capacity 89225K, committed 89296K, reserved 1126400K
  class space    used 11473K, capacity 12314K, committed 12364K, reserved 1048576K
}
Event: 12.042 GC heap before
{Heap before GC invocations=26 (full 0):
 garbage-first heap   total 187392K, used 139354K [0x0000000080000000, 0x0000000100000000)
  region size 1024K, 75 young (76800K), 10 survivors (10240K)
 Metaspace       used 89245K, capacity 91910K, committed 92112K, reserved 1128448K
  class space    used 11758K, capacity 12773K, committed 12876K, reserved 1048576K
}
Event: 12.051 GC heap after
{Heap after GC invocations=27 (full 0):
 garbage-first heap   total 187392K, used 79166K [0x0000000080000000, 0x0000000100000000)
  region size 1024K, 5 young (5120K), 5 survivors (5120K)
 Metaspace       used 89245K, capacity 91910K, committed 92112K, reserved 1128448K
  class space    used 11758K, capacity 12773K, committed 12876K, reserved 1048576K
}
Event: 12.933 GC heap before
{Heap before GC invocations=27 (full 0):
 garbage-first heap   total 187392K, used 151870K [0x0000000080000000, 0x0000000100000000)
  region size 1024K, 69 young (70656K), 5 survivors (5120K)
 Metaspace       used 95019K, capacity 97715K, committed 97872K, reserved 1134592K
  class space    used 12450K, capacity 13472K, committed 13516K, reserved 1048576K
}
Event: 12.949 GC heap after
{Heap after GC invocations=28 (full 0):
 garbage-first heap   total 187392K, used 102568K [0x0000000080000000, 0x0000000100000000)
  region size 1024K, 9 young (9216K), 9 survivors (9216K)
 Metaspace       used 95019K, capacity 97715K, committed 97872K, reserved 1134592K
  class space    used 12450K, capacity 13472K, committed 13516K, reserved 1048576K
}
Event: 13.127 GC heap before
{Heap before GC invocations=29 (full 0):
 garbage-first heap   total 187392K, used 122024K [0x0000000080000000, 0x0000000100000000)
  region size 1024K, 20 young (20480K), 9 survivors (9216K)
 Metaspace       used 96070K, capacity 98856K, committed 99152K, reserved 1134592K
  class space    used 12561K, capacity 13671K, committed 13772K, reserved 1048576K
}
Event: 13.140 GC heap after
{Heap after GC invocations=30 (full 0):
 garbage-first heap   total 233472K, used 103421K [0x0000000080000000, 0x0000000100000000)
  region size 1024K, 2 young (2048K), 2 survivors (2048K)
 Metaspace       used 96070K, capacity 98856K, committed 99152K, reserved 1134592K
  class space    used 12561K, capacity 13671K, committed 13772K, reserved 1048576K
}
Event: 13.675 GC heap before
{Heap before GC invocations=31 (full 0):
 garbage-first heap   total 233472K, used 138237K [0x0000000080000000, 0x0000000100000000)
  region size 1024K, 50 young (51200K), 2 survivors (2048K)
 Metaspace       used 98176K, capacity 101087K, committed 101456K, reserved 1136640K
  class space    used 12790K, capacity 13914K, committed 14028K, reserved 1048576K
}
Event: 13.679 GC heap after
{Heap after GC invocations=32 (full 0):
 garbage-first heap   total 233472K, used 87296K [0x0000000080000000, 0x0000000100000000)
  region size 1024K, 4 young (4096K), 4 survivors (4096K)
 Metaspace       used 98176K, capacity 101087K, committed 101456K, reserved 1136640K
  class space    used 12790K, capacity 13914K, committed 14028K, reserved 1048576K
}
Event: 14.233 GC heap before
{Heap before GC invocations=32 (full 0):
 garbage-first heap   total 233472K, used 148736K [0x0000000080000000, 0x0000000100000000)
  region size 1024K, 65 young (66560K), 4 survivors (4096K)
 Metaspace       used 100167K, capacity 103118K, committed 103248K, reserved 1138688K
  class space    used 13005K, capacity 14176K, committed 14284K, reserved 1048576K
}
Event: 14.240 GC heap after
{Heap after GC invocations=33 (full 0):
 garbage-first heap   total 233472K, used 92013K [0x0000000080000000, 0x0000000100000000)
  region size 1024K, 8 young (8192K), 8 survivors (8192K)
 Metaspace       used 100167K, capacity 103118K, committed 103248K, reserved 1138688K
  class space    used 13005K, capacity 14176K, committed 14284K, reserved 1048576K
}

